<?xml version="1.0" encoding="UTF-8"?>
<!-- Generated by org.testng.reporters.JUnitXMLReporter -->
<testsuite ignored="0" hostname="DESKTOP-C11KPRV" failures="1" tests="3" name="Test" time="15.624" errors="0" timestamp="2025-08-21T22:19:11 IST">
  <testcase classname="testCases.TC001_AccountLogin" name="verifyLogin" time="1.74"/>
  <testcase classname="testCases.TC001_AccountRegistrationTest" name="nullFname" time="1.747">
    <failure type="java.lang.AssertionError" message="expected [true] but found [false]">
      <![CDATA[java.lang.AssertionError: expected [true] but found [false]
at testCases.TC001_AccountRegistrationTest.nullFname(TC001_AccountRegistrationTest.java:62)
at java.base/java.util.ArrayList.forEach(ArrayList.java:1511)
... Removed 29 stack frames]]>
    </failure>
  </testcase> <!-- nullFname -->
  <testcase classname="testCases.TC001_AccountRegistrationTest" name="verify_ac_registration" time="2.028"/>
</testsuite> <!-- Test -->
